<?xml version="1.0" encoding="UTF-8"?>
<!-- Generated by org.testng.reporters.JUnitReportReporter -->
<testsuite skipped="0" hostname="CDC2-D-CJBWXJ2" name="testPack.onlineShopping" tests="1" failures="0" timestamp="2019-12-05T10:46:40 IST" time="17.213" errors="0">
  <testcase name="login" time="17.213" classname="testPack.onlineShopping"/>
</testsuite> <!-- testPack.onlineShopping -->
